d:\freelancer\201607\easypr-master\vcprojs\x64\debug\vc120.pdb
d:\freelancer\201607\easypr-master\vcprojs\x64\debug\vc120.idb
d:\freelancer\201607\easypr-master\vcprojs\x64\debug\main.obj
d:\freelancer\201607\easypr-master\vcprojs\x64\debug\xmlparser.obj
d:\freelancer\201607\easypr-master\x64\debug\demo.exe
d:\freelancer\201607\easypr-master\x64\debug\demo.pdb
d:\freelancer\201607\easypr-master\vcprojs\x64\debug\demo.res
d:\freelancer\201607\easypr-master\vcprojs\x64\debug\demo.vcxprojresolveassemblyreference.cache
d:\freelancer\201607\easypr-master\vcprojs\x64\debug\ann_train.obj
d:\freelancer\201607\easypr-master\vcprojs\x64\debug\chars_identify.obj
d:\freelancer\201607\easypr-master\vcprojs\x64\debug\chars_recognise.obj
d:\freelancer\201607\easypr-master\vcprojs\x64\debug\chars_segment.obj
d:\freelancer\201607\easypr-master\vcprojs\x64\debug\core_func.obj
d:\freelancer\201607\easypr-master\vcprojs\x64\debug\deface.obj
d:\freelancer\201607\easypr-master\vcprojs\x64\debug\erfilter.obj
d:\freelancer\201607\easypr-master\vcprojs\x64\debug\feature.obj
d:\freelancer\201607\easypr-master\vcprojs\x64\debug\gdts.obj
d:\freelancer\201607\easypr-master\vcprojs\x64\debug\helper.obj
d:\freelancer\201607\easypr-master\vcprojs\x64\debug\kv.obj
d:\freelancer\201607\easypr-master\vcprojs\x64\debug\lbp.obj
d:\freelancer\201607\easypr-master\vcprojs\x64\debug\mc_data.obj
d:\freelancer\201607\easypr-master\vcprojs\x64\debug\mser2.obj
d:\freelancer\201607\easypr-master\vcprojs\x64\debug\params.obj
d:\freelancer\201607\easypr-master\vcprojs\x64\debug\plate_detect.obj
d:\freelancer\201607\easypr-master\vcprojs\x64\debug\plate_judge.obj
d:\freelancer\201607\easypr-master\vcprojs\x64\debug\plate_locate.obj
d:\freelancer\201607\easypr-master\vcprojs\x64\debug\plate_recognize.obj
d:\freelancer\201607\easypr-master\vcprojs\x64\debug\program_options.obj
d:\freelancer\201607\easypr-master\vcprojs\x64\debug\svm_train.obj
d:\freelancer\201607\easypr-master\vcprojs\x64\debug\train.obj
d:\freelancer\201607\easypr-master\vcprojs\x64\debug\util.obj
d:\freelancer\201607\easypr-master\vcprojs\x64\debug\demo.tlog\cl.command.1.tlog
d:\freelancer\201607\easypr-master\vcprojs\x64\debug\demo.tlog\cl.read.1.tlog
d:\freelancer\201607\easypr-master\vcprojs\x64\debug\demo.tlog\cl.write.1.tlog
d:\freelancer\201607\easypr-master\vcprojs\x64\debug\demo.tlog\link.command.1.tlog
d:\freelancer\201607\easypr-master\vcprojs\x64\debug\demo.tlog\link.read.1.tlog
d:\freelancer\201607\easypr-master\vcprojs\x64\debug\demo.tlog\link.write.1.tlog
d:\freelancer\201607\easypr-master\vcprojs\x64\debug\demo.tlog\rc.command.1.tlog
d:\freelancer\201607\easypr-master\vcprojs\x64\debug\demo.tlog\rc.read.1.tlog
d:\freelancer\201607\easypr-master\vcprojs\x64\debug\demo.tlog\rc.write.1.tlog
